DEBUG
DEBUG
DEBUG
15:58:11,134 DEBUG Log4JDemo:? - DEBUG
16:28:29,615 DEBUG Log4JDemo:? - DEBUG
<!DOCTYPE HTML PUBLIC "-//W3C//DTD HTML 4.01 Transitional//EN" "http://www.w3.org/TR/html4/loose.dtd">
<html>
<head>
<title>Log4J Log Messages</title>
<style type="text/css">
<!--
body, table {font-family: arial,sans-serif; font-size: x-small;}
th {background: #336699; color: #FFFFFF; text-align: left;}
-->
</style>
</head>
<body bgcolor="#FFFFFF" topmargin="6" leftmargin="6">
<hr size="1" noshade>
Log session start time Fri Jul 30 16:29:09 IST 2021<br>
<br>
<table cellspacing="0" cellpadding="4" border="1" bordercolor="#224466" width="100%">
<tr>
<th>Time</th>
<th>Thread</th>
<th>Level</th>
<th>Category</th>
<th>Message</th>
</tr>

<tr>
<td>0</td>
<td title="main thread">main</td>
<td title="Level"><font color="#339933">DEBUG</font></td>
<td title="com.cjc.Log4j.Log4JDemo category">com.cjc.Log4j.Log4JDemo</td>
<td title="Message">DEBUG</td>
</tr>
